[2017-08-24 12:45:14.084] [DEBUG] debug - routes common loadPods
[2017-08-24 12:45:14.086] [DEBUG] debug - crud common loadPods
[2017-08-24 12:45:14.109] [DEBUG] debug - crud result{ _id: 599e677f81d03c3c58a198f1,
  podId: '9B2hSUN5dsYJbrT2',
  coverUrl: '9B2hSUN5dsYJbrT2.jpeg',
  fileUrl: '9B2hSUN5dsYJbrT2.mp3',
  title: 'mjmjmjmj',
  subtext: 'mjmjmjmjm',
  description: 'jmjmoinonononiomoimoimo',
  type: 'finance',
  uploadDate: 2017-08-24T05:43:27.507Z,
  likes: 0,
  postedByUsername: 'himanshu',
  postedByEmail: 'himanshu@him.him',
  randomNumber: 6,
  verified: true,
  __v: 0 },{ _id: 599e679681d03c3c58a198f2,
  podId: 'PTwQjY1HVdTK8wk8',
  coverUrl: 'PTwQjY1HVdTK8wk8.jpeg',
  fileUrl: 'PTwQjY1HVdTK8wk8.mp3',
  title: 'njnjnjnjn',
  subtext: 'jnjnjnjnjnjnkjnkjnk',
  description: 'njknkknkknkuinuiniuniunuinuinuinui',
  type: 'consulting',
  uploadDate: 2017-08-24T05:43:50.638Z,
  likes: 0,
  postedByUsername: 'himanshu',
  postedByEmail: 'himanshu@him.him',
  randomNumber: 9,
  verified: true,
  __v: 0 },{ _id: 599e7ce48a3bc53a88d306b3,
  podId: 'EbbvBYqXG0dihrTu',
  coverUrl: 'EbbvBYqXG0dihrTu.jpeg',
  fileUrl: 'EbbvBYqXG0dihrTu.mp3',
  title: 'kikimimim',
  subtext: 'imimimmomo',
  description: 'nonoinonoomomiomomomomomomoim',
  type: 'entrepreneurship',
  uploadDate: 2017-08-24T07:14:44.436Z,
  likes: 0,
  postedByUsername: 'himanshu',
  postedByEmail: 'himanshu@him.him',
  randomNumber: 5,
  verified: true,
  __v: 0 },{ _id: 599e7cfe8a3bc53a88d306b4,
  podId: 'hAdBpfpJXWINDXTr',
  coverUrl: 'hAdBpfpJXWINDXTr.jpeg',
  fileUrl: 'hAdBpfpJXWINDXTr.mp3',
  title: 'markemnimimimi',
  subtext: 'momomomomomomom',
  description: 'omoiomoimomomoimomomomomomomio',
  type: 'marketing',
  uploadDate: 2017-08-24T07:15:10.122Z,
  likes: 0,
  postedByUsername: 'himanshu',
  postedByEmail: 'himanshu@him.him',
  randomNumber: 0,
  verified: true,
  __v: 0 }
[2017-08-24 12:45:25.909] [DEBUG] debug - routes common loadPods
[2017-08-24 12:45:25.910] [DEBUG] debug - crud common loadPods
[2017-08-24 12:45:25.928] [DEBUG] debug - crud result{ _id: 599e677f81d03c3c58a198f1,
  podId: '9B2hSUN5dsYJbrT2',
  coverUrl: '9B2hSUN5dsYJbrT2.jpeg',
  fileUrl: '9B2hSUN5dsYJbrT2.mp3',
  title: 'mjmjmjmj',
  subtext: 'mjmjmjmjm',
  description: 'jmjmoinonononiomoimoimo',
  type: 'finance',
  uploadDate: 2017-08-24T05:43:27.507Z,
  likes: 0,
  postedByUsername: 'himanshu',
  postedByEmail: 'himanshu@him.him',
  randomNumber: 6,
  verified: true,
  __v: 0 },{ _id: 599e679681d03c3c58a198f2,
  podId: 'PTwQjY1HVdTK8wk8',
  coverUrl: 'PTwQjY1HVdTK8wk8.jpeg',
  fileUrl: 'PTwQjY1HVdTK8wk8.mp3',
  title: 'njnjnjnjn',
  subtext: 'jnjnjnjnjnjnkjnkjnk',
  description: 'njknkknkknkuinuiniuniunuinuinuinui',
  type: 'consulting',
  uploadDate: 2017-08-24T05:43:50.638Z,
  likes: 0,
  postedByUsername: 'himanshu',
  postedByEmail: 'himanshu@him.him',
  randomNumber: 9,
  verified: true,
  __v: 0 },{ _id: 599e7ce48a3bc53a88d306b3,
  podId: 'EbbvBYqXG0dihrTu',
  coverUrl: 'EbbvBYqXG0dihrTu.jpeg',
  fileUrl: 'EbbvBYqXG0dihrTu.mp3',
  title: 'kikimimim',
  subtext: 'imimimmomo',
  description: 'nonoinonoomomiomomomomomomoim',
  type: 'entrepreneurship',
  uploadDate: 2017-08-24T07:14:44.436Z,
  likes: 0,
  postedByUsername: 'himanshu',
  postedByEmail: 'himanshu@him.him',
  randomNumber: 5,
  verified: true,
  __v: 0 },{ _id: 599e7cfe8a3bc53a88d306b4,
  podId: 'hAdBpfpJXWINDXTr',
  coverUrl: 'hAdBpfpJXWINDXTr.jpeg',
  fileUrl: 'hAdBpfpJXWINDXTr.mp3',
  title: 'markemnimimimi',
  subtext: 'momomomomomomom',
  description: 'omoiomoimomomoimomomomomomomio',
  type: 'marketing',
  uploadDate: 2017-08-24T07:15:10.122Z,
  likes: 0,
  postedByUsername: 'himanshu',
  postedByEmail: 'himanshu@him.him',
  randomNumber: 0,
  verified: true,
  __v: 0 }
[2017-08-24 12:45:50.669] [DEBUG] debug - routes index logout
[2017-08-24 12:45:50.670] [DEBUG] debug - crud index destroySession
[2017-08-24 12:45:50.671] [DEBUG] debug - config utils webSessionDestroy
[2017-08-24 12:45:53.036] [DEBUG] debug - routes index webindex
[2017-08-24 12:45:53.164] [DEBUG] debug - routes common loadPods
[2017-08-24 12:46:05.074] [DEBUG] debug - routes index webindex
[2017-08-24 12:46:05.194] [DEBUG] debug - routes common loadPods
[2017-08-24 12:46:47.483] [DEBUG] debug - routes index webindex
[2017-08-24 12:46:47.685] [DEBUG] debug - routes common loadPods
[2017-08-24 12:46:47.687] [DEBUG] debug - crud common loadPods
[2017-08-24 12:46:47.824] [DEBUG] debug - crud result{ _id: 599e677f81d03c3c58a198f1,
  podId: '9B2hSUN5dsYJbrT2',
  coverUrl: '9B2hSUN5dsYJbrT2.jpeg',
  fileUrl: '9B2hSUN5dsYJbrT2.mp3',
  title: 'mjmjmjmj',
  subtext: 'mjmjmjmjm',
  description: 'jmjmoinonononiomoimoimo',
  type: 'finance',
  uploadDate: 2017-08-24T05:43:27.507Z,
  likes: 0,
  postedByUsername: 'himanshu',
  postedByEmail: 'himanshu@him.him',
  randomNumber: 6,
  verified: true,
  __v: 0 },{ _id: 599e679681d03c3c58a198f2,
  podId: 'PTwQjY1HVdTK8wk8',
  coverUrl: 'PTwQjY1HVdTK8wk8.jpeg',
  fileUrl: 'PTwQjY1HVdTK8wk8.mp3',
  title: 'njnjnjnjn',
  subtext: 'jnjnjnjnjnjnkjnkjnk',
  description: 'njknkknkknkuinuiniuniunuinuinuinui',
  type: 'consulting',
  uploadDate: 2017-08-24T05:43:50.638Z,
  likes: 0,
  postedByUsername: 'himanshu',
  postedByEmail: 'himanshu@him.him',
  randomNumber: 9,
  verified: true,
  __v: 0 },{ _id: 599e7ce48a3bc53a88d306b3,
  podId: 'EbbvBYqXG0dihrTu',
  coverUrl: 'EbbvBYqXG0dihrTu.jpeg',
  fileUrl: 'EbbvBYqXG0dihrTu.mp3',
  title: 'kikimimim',
  subtext: 'imimimmomo',
  description: 'nonoinonoomomiomomomomomomoim',
  type: 'entrepreneurship',
  uploadDate: 2017-08-24T07:14:44.436Z,
  likes: 0,
  postedByUsername: 'himanshu',
  postedByEmail: 'himanshu@him.him',
  randomNumber: 5,
  verified: true,
  __v: 0 },{ _id: 599e7cfe8a3bc53a88d306b4,
  podId: 'hAdBpfpJXWINDXTr',
  coverUrl: 'hAdBpfpJXWINDXTr.jpeg',
  fileUrl: 'hAdBpfpJXWINDXTr.mp3',
  title: 'markemnimimimi',
  subtext: 'momomomomomomom',
  description: 'omoiomoimomomoimomomomomomomio',
  type: 'marketing',
  uploadDate: 2017-08-24T07:15:10.122Z,
  likes: 0,
  postedByUsername: 'himanshu',
  postedByEmail: 'himanshu@him.him',
  randomNumber: 0,
  verified: true,
  __v: 0 }
[2017-08-24 12:48:26.939] [DEBUG] debug - routes index webindex
[2017-08-24 12:48:27.077] [DEBUG] debug - routes common loadPods
[2017-08-24 12:48:27.078] [DEBUG] debug - crud common loadPods
[2017-08-24 12:48:27.100] [DEBUG] debug - crud result{ _id: 599e677f81d03c3c58a198f1,
  podId: '9B2hSUN5dsYJbrT2',
  coverUrl: '9B2hSUN5dsYJbrT2.jpeg',
  fileUrl: '9B2hSUN5dsYJbrT2.mp3',
  title: 'mjmjmjmj',
  subtext: 'mjmjmjmjm',
  description: 'jmjmoinonononiomoimoimo',
  type: 'finance',
  uploadDate: 2017-08-24T05:43:27.507Z,
  likes: 0,
  postedByUsername: 'himanshu',
  postedByEmail: 'himanshu@him.him',
  randomNumber: 6,
  verified: true,
  __v: 0 },{ _id: 599e679681d03c3c58a198f2,
  podId: 'PTwQjY1HVdTK8wk8',
  coverUrl: 'PTwQjY1HVdTK8wk8.jpeg',
  fileUrl: 'PTwQjY1HVdTK8wk8.mp3',
  title: 'njnjnjnjn',
  subtext: 'jnjnjnjnjnjnkjnkjnk',
  description: 'njknkknkknkuinuiniuniunuinuinuinui',
  type: 'consulting',
  uploadDate: 2017-08-24T05:43:50.638Z,
  likes: 0,
  postedByUsername: 'himanshu',
  postedByEmail: 'himanshu@him.him',
  randomNumber: 9,
  verified: true,
  __v: 0 },{ _id: 599e7ce48a3bc53a88d306b3,
  podId: 'EbbvBYqXG0dihrTu',
  coverUrl: 'EbbvBYqXG0dihrTu.jpeg',
  fileUrl: 'EbbvBYqXG0dihrTu.mp3',
  title: 'kikimimim',
  subtext: 'imimimmomo',
  description: 'nonoinonoomomiomomomomomomoim',
  type: 'entrepreneurship',
  uploadDate: 2017-08-24T07:14:44.436Z,
  likes: 0,
  postedByUsername: 'himanshu',
  postedByEmail: 'himanshu@him.him',
  randomNumber: 5,
  verified: true,
  __v: 0 },{ _id: 599e7cfe8a3bc53a88d306b4,
  podId: 'hAdBpfpJXWINDXTr',
  coverUrl: 'hAdBpfpJXWINDXTr.jpeg',
  fileUrl: 'hAdBpfpJXWINDXTr.mp3',
  title: 'markemnimimimi',
  subtext: 'momomomomomomom',
  description: 'omoiomoimomomoimomomomomomomio',
  type: 'marketing',
  uploadDate: 2017-08-24T07:15:10.122Z,
  likes: 0,
  postedByUsername: 'himanshu',
  postedByEmail: 'himanshu@him.him',
  randomNumber: 0,
  verified: true,
  __v: 0 }
[2017-08-24 12:55:49.934] [DEBUG] debug - routes index webindex
[2017-08-24 12:55:50.135] [DEBUG] debug - routes common loadPods
[2017-08-24 12:55:50.136] [DEBUG] debug - crud common loadPods
[2017-08-24 12:55:50.266] [DEBUG] debug - crud result{ _id: 599e677f81d03c3c58a198f1,
  podId: '9B2hSUN5dsYJbrT2',
  coverUrl: '9B2hSUN5dsYJbrT2.jpeg',
  fileUrl: '9B2hSUN5dsYJbrT2.mp3',
  title: 'mjmjmjmj',
  subtext: 'mjmjmjmjm',
  description: 'jmjmoinonononiomoimoimo',
  type: 'finance',
  uploadDate: 2017-08-24T05:43:27.507Z,
  likes: 0,
  postedByUsername: 'himanshu',
  postedByEmail: 'himanshu@him.him',
  randomNumber: 6,
  verified: true,
  __v: 0 },{ _id: 599e679681d03c3c58a198f2,
  podId: 'PTwQjY1HVdTK8wk8',
  coverUrl: 'PTwQjY1HVdTK8wk8.jpeg',
  fileUrl: 'PTwQjY1HVdTK8wk8.mp3',
  title: 'njnjnjnjn',
  subtext: 'jnjnjnjnjnjnkjnkjnk',
  description: 'njknkknkknkuinuiniuniunuinuinuinui',
  type: 'consulting',
  uploadDate: 2017-08-24T05:43:50.638Z,
  likes: 0,
  postedByUsername: 'himanshu',
  postedByEmail: 'himanshu@him.him',
  randomNumber: 9,
  verified: true,
  __v: 0 },{ _id: 599e7ce48a3bc53a88d306b3,
  podId: 'EbbvBYqXG0dihrTu',
  coverUrl: 'EbbvBYqXG0dihrTu.jpeg',
  fileUrl: 'EbbvBYqXG0dihrTu.mp3',
  title: 'kikimimim',
  subtext: 'imimimmomo',
  description: 'nonoinonoomomiomomomomomomoim',
  type: 'entrepreneurship',
  uploadDate: 2017-08-24T07:14:44.436Z,
  likes: 0,
  postedByUsername: 'himanshu',
  postedByEmail: 'himanshu@him.him',
  randomNumber: 5,
  verified: true,
  __v: 0 },{ _id: 599e7cfe8a3bc53a88d306b4,
  podId: 'hAdBpfpJXWINDXTr',
  coverUrl: 'hAdBpfpJXWINDXTr.jpeg',
  fileUrl: 'hAdBpfpJXWINDXTr.mp3',
  title: 'markemnimimimi',
  subtext: 'momomomomomomom',
  description: 'omoiomoimomomoimomomomomomomio',
  type: 'marketing',
  uploadDate: 2017-08-24T07:15:10.122Z,
  likes: 0,
  postedByUsername: 'himanshu',
  postedByEmail: 'himanshu@him.him',
  randomNumber: 0,
  verified: true,
  __v: 0 }
[2017-08-24 12:55:57.746] [DEBUG] debug - routes common loadPods
[2017-08-24 12:55:57.746] [DEBUG] debug - crud common loadPods
[2017-08-24 12:55:57.788] [DEBUG] debug - crud result{ _id: 599e677f81d03c3c58a198f1,
  podId: '9B2hSUN5dsYJbrT2',
  coverUrl: '9B2hSUN5dsYJbrT2.jpeg',
  fileUrl: '9B2hSUN5dsYJbrT2.mp3',
  title: 'mjmjmjmj',
  subtext: 'mjmjmjmjm',
  description: 'jmjmoinonononiomoimoimo',
  type: 'finance',
  uploadDate: 2017-08-24T05:43:27.507Z,
  likes: 0,
  postedByUsername: 'himanshu',
  postedByEmail: 'himanshu@him.him',
  randomNumber: 6,
  verified: true,
  __v: 0 }
[2017-08-24 12:56:03.348] [DEBUG] debug - routes common loadPods
[2017-08-24 12:56:03.349] [DEBUG] debug - crud common loadPods
[2017-08-24 12:56:03.363] [DEBUG] debug - crud result{ _id: 599e7cfe8a3bc53a88d306b4,
  podId: 'hAdBpfpJXWINDXTr',
  coverUrl: 'hAdBpfpJXWINDXTr.jpeg',
  fileUrl: 'hAdBpfpJXWINDXTr.mp3',
  title: 'markemnimimimi',
  subtext: 'momomomomomomom',
  description: 'omoiomoimomomoimomomomomomomio',
  type: 'marketing',
  uploadDate: 2017-08-24T07:15:10.122Z,
  likes: 0,
  postedByUsername: 'himanshu',
  postedByEmail: 'himanshu@him.him',
  randomNumber: 0,
  verified: true,
  __v: 0 },{ _id: 599e7ce48a3bc53a88d306b3,
  podId: 'EbbvBYqXG0dihrTu',
  coverUrl: 'EbbvBYqXG0dihrTu.jpeg',
  fileUrl: 'EbbvBYqXG0dihrTu.mp3',
  title: 'kikimimim',
  subtext: 'imimimmomo',
  description: 'nonoinonoomomiomomomomomomoim',
  type: 'entrepreneurship',
  uploadDate: 2017-08-24T07:14:44.436Z,
  likes: 0,
  postedByUsername: 'himanshu',
  postedByEmail: 'himanshu@him.him',
  randomNumber: 5,
  verified: true,
  __v: 0 },{ _id: 599e679681d03c3c58a198f2,
  podId: 'PTwQjY1HVdTK8wk8',
  coverUrl: 'PTwQjY1HVdTK8wk8.jpeg',
  fileUrl: 'PTwQjY1HVdTK8wk8.mp3',
  title: 'njnjnjnjn',
  subtext: 'jnjnjnjnjnjnkjnkjnk',
  description: 'njknkknkknkuinuiniuniunuinuinuinui',
  type: 'consulting',
  uploadDate: 2017-08-24T05:43:50.638Z,
  likes: 0,
  postedByUsername: 'himanshu',
  postedByEmail: 'himanshu@him.him',
  randomNumber: 9,
  verified: true,
  __v: 0 },{ _id: 599e677f81d03c3c58a198f1,
  podId: '9B2hSUN5dsYJbrT2',
  coverUrl: '9B2hSUN5dsYJbrT2.jpeg',
  fileUrl: '9B2hSUN5dsYJbrT2.mp3',
  title: 'mjmjmjmj',
  subtext: 'mjmjmjmjm',
  description: 'jmjmoinonononiomoimoimo',
  type: 'finance',
  uploadDate: 2017-08-24T05:43:27.507Z,
  likes: 0,
  postedByUsername: 'himanshu',
  postedByEmail: 'himanshu@him.him',
  randomNumber: 6,
  verified: true,
  __v: 0 }
[2017-08-24 12:56:11.330] [DEBUG] debug - routes common loadPods
[2017-08-24 12:56:11.331] [DEBUG] debug - crud common loadPods
[2017-08-24 12:56:11.353] [DEBUG] debug - crud result{ _id: 599e7cfe8a3bc53a88d306b4,
  podId: 'hAdBpfpJXWINDXTr',
  coverUrl: 'hAdBpfpJXWINDXTr.jpeg',
  fileUrl: 'hAdBpfpJXWINDXTr.mp3',
  title: 'markemnimimimi',
  subtext: 'momomomomomomom',
  description: 'omoiomoimomomoimomomomomomomio',
  type: 'marketing',
  uploadDate: 2017-08-24T07:15:10.122Z,
  likes: 0,
  postedByUsername: 'himanshu',
  postedByEmail: 'himanshu@him.him',
  randomNumber: 0,
  verified: true,
  __v: 0 }
